{
"contracts/BrazilianDebenture.sol":{"l":{},"path":"/Users/pedrotodescan/Documents/Exploring/delos/contracts/contracts/BrazilianDebenture.sol","s":{},"b":{},"f":{},"fnMap":{},"statementMap":{},"branchMap":{}},
"contracts/BrazilianMacroOracle.sol":{"l":{"75":32,"76":32,"77":32,"80":32,"81":32,"82":32,"83":32,"84":32,"85":32,"105":2,"115":194,"116":194,"118":193,"126":193,"127":193,"128":193,"130":193,"137":3,"138":3,"139":3,"146":1,"147":1,"148":1,"155":3,"162":1,"180":23,"181":22,"182":21,"184":18,"193":18,"194":8,"197":18,"198":18,"200":18,"216":1,"223":1,"224":3,"225":3,"226":3,"228":3,"236":3,"237":0,"240":3,"241":3,"243":3,"265":5,"266":4,"267":4,"279":1,"280":1,"293":3,"295":3,"296":3,"298":3,"299":2,"302":3,"305":3,"306":3,"309":3,"320":4,"321":4,"328":2,"335":1,"343":2,"345":2,"346":2,"348":2,"351":1,"352":1,"373":1,"375":1,"376":1,"378":1,"391":1,"392":1,"399":1,"400":1,"407":1,"416":24,"418":23,"419":23,"420":23,"422":23,"423":22,"424":21,"426":21},"path":"/Users/pedrotodescan/Documents/Exploring/delos/contracts/contracts/BrazilianMacroOracle.sol","s":{"1":32,"2":32,"3":32,"4":32,"5":32,"6":32,"7":32,"8":32,"9":32,"10":2,"11":194,"12":194,"13":193,"14":193,"15":3,"16":3,"17":1,"18":1,"19":3,"20":1,"21":23,"22":22,"23":21,"24":18,"25":18,"26":8,"27":18,"28":1,"29":1,"30":3,"31":3,"32":3,"33":3,"34":3,"35":0,"36":3,"37":5,"38":4,"39":4,"40":1,"41":1,"42":3,"43":3,"44":3,"45":3,"46":3,"47":3,"48":3,"49":4,"50":4,"51":2,"52":1,"53":2,"54":2,"55":2,"56":2,"57":1,"58":1,"59":1,"60":1,"61":1,"62":1,"63":1,"64":1,"65":1,"66":1,"67":1,"68":1,"69":24,"70":1,"71":23,"72":23,"73":23,"74":23,"75":1,"76":22,"77":1,"78":21,"79":0,"80":21},"b":{"1":[2,0],"2":[0,194],"3":[1,193],"4":[3,0],"5":[0,3],"6":[1,0],"7":[0,1],"8":[3,1],"9":[1,0],"10":[24,1],"11":[23,1],"12":[1,22],"13":[1,21],"14":[3,18],"15":[8,10],"16":[1,0],"17":[1,0],"18":[1,0],"19":[0,3],"20":[0,3],"21":[0,3],"22":[0,3],"23":[1,4],"24":[0,1],"25":[0,3],"26":[2,1],"27":[2,0],"28":[0,4],"29":[0,2],"30":[1,1],"31":[0,1],"32":[0,1],"33":[0,1],"34":[1,23],"35":[1,0],"36":[1,22],"37":[0,1],"38":[1,21],"39":[0,1],"40":[0,21],"41":[0,0]},"f":{"1":32,"2":2,"3":194,"4":3,"5":1,"6":3,"7":1,"8":23,"9":1,"10":5,"11":1,"12":3,"13":4,"14":2,"15":1,"16":2,"17":1,"18":1,"19":1,"20":1,"21":24},"fnMap":{"1":{"name":"constructor","line":74,"loc":{"start":{"line":74,"column":4},"end":{"line":86,"column":4}}},"2":{"name":"addRate","line":104,"loc":{"start":{"line":98,"column":4},"end":{"line":106,"column":4}}},"3":{"name":"_addRate","line":108,"loc":{"start":{"line":108,"column":4},"end":{"line":131,"column":4}}},"4":{"name":"deactivateRate","line":136,"loc":{"start":{"line":136,"column":4},"end":{"line":140,"column":4}}},"5":{"name":"reactivateRate","line":145,"loc":{"start":{"line":145,"column":4},"end":{"line":149,"column":4}}},"6":{"name":"pause","line":154,"loc":{"start":{"line":154,"column":4},"end":{"line":156,"column":4}}},"7":{"name":"unpause","line":161,"loc":{"start":{"line":161,"column":4},"end":{"line":163,"column":4}}},"8":{"name":"updateRate","line":179,"loc":{"start":{"line":174,"column":4},"end":{"line":201,"column":4}}},"9":{"name":"batchUpdateRates","line":215,"loc":{"start":{"line":210,"column":4},"end":{"line":245,"column":4}}},"10":{"name":"getRate","line":256,"loc":{"start":{"line":256,"column":4},"end":{"line":268,"column":4}}},"11":{"name":"getRateFull","line":274,"loc":{"start":{"line":274,"column":4},"end":{"line":281,"column":4}}},"12":{"name":"getRateHistory","line":288,"loc":{"start":{"line":288,"column":4},"end":{"line":310,"column":4}}},"13":{"name":"getRateMetadata","line":315,"loc":{"start":{"line":315,"column":4},"end":{"line":322,"column":4}}},"14":{"name":"getSupportedRates","line":327,"loc":{"start":{"line":327,"column":4},"end":{"line":329,"column":4}}},"15":{"name":"getSupportedRatesCount","line":334,"loc":{"start":{"line":334,"column":4},"end":{"line":336,"column":4}}},"16":{"name":"isRateStale","line":342,"loc":{"start":{"line":342,"column":4},"end":{"line":353,"column":4}}},"17":{"name":"latestRoundData","line":362,"loc":{"start":{"line":362,"column":4},"end":{"line":385,"column":4}}},"18":{"name":"decimals","line":390,"loc":{"start":{"line":390,"column":4},"end":{"line":393,"column":4}}},"19":{"name":"description","line":398,"loc":{"start":{"line":398,"column":4},"end":{"line":401,"column":4}}},"20":{"name":"version","line":406,"loc":{"start":{"line":406,"column":4},"end":{"line":408,"column":4}}},"21":{"name":"_isValidDate","line":415,"loc":{"start":{"line":415,"column":4},"end":{"line":427,"column":4}}}},"statementMap":{"1":{"start":{"line":75,"column":8},"end":{"line":75,"column":49}},"2":{"start":{"line":76,"column":8},"end":{"line":76,"column":41}},"3":{"start":{"line":77,"column":8},"end":{"line":77,"column":43}},"4":{"start":{"line":80,"column":8},"end":{"line":80,"column":143}},"5":{"start":{"line":81,"column":8},"end":{"line":81,"column":123}},"6":{"start":{"line":82,"column":8},"end":{"line":82,"column":138}},"7":{"start":{"line":83,"column":8},"end":{"line":83,"column":110}},"8":{"start":{"line":84,"column":8},"end":{"line":84,"column":118}},"9":{"start":{"line":85,"column":8},"end":{"line":85,"column":97}},"10":{"start":{"line":105,"column":8},"end":{"line":105,"column":71}},"11":{"start":{"line":115,"column":8},"end":{"line":115,"column":63}},"12":{"start":{"line":116,"column":8},"end":{"line":116,"column":68}},"13":{"start":{"line":127,"column":8},"end":{"line":127,"column":36}},"14":{"start":{"line":130,"column":8},"end":{"line":130,"column":78}},"15":{"start":{"line":137,"column":8},"end":{"line":137,"column":68}},"16":{"start":{"line":139,"column":8},"end":{"line":139,"column":38}},"17":{"start":{"line":146,"column":8},"end":{"line":146,"column":68}},"18":{"start":{"line":148,"column":8},"end":{"line":148,"column":38}},"19":{"start":{"line":155,"column":8},"end":{"line":155,"column":15}},"20":{"start":{"line":162,"column":8},"end":{"line":162,"column":17}},"21":{"start":{"line":180,"column":8},"end":{"line":180,"column":68}},"22":{"start":{"line":181,"column":8},"end":{"line":181,"column":76}},"23":{"start":{"line":182,"column":8},"end":{"line":182,"column":62}},"24":{"start":{"line":184,"column":8},"end":{"line":184,"column":6788}},"25":{"start":{"line":193,"column":8},"end":{"line":193,"column":7062}},"26":{"start":{"line":194,"column":12},"end":{"line":194,"column":61}},"27":{"start":{"line":200,"column":8},"end":{"line":200,"column":93}},"28":{"start":{"line":216,"column":8},"end":{"line":216,"column":7897}},"29":{"start":{"line":223,"column":8},"end":{"line":223,"column":8118}},"30":{"start":{"line":224,"column":12},"end":{"line":224,"column":80}},"31":{"start":{"line":225,"column":12},"end":{"line":225,"column":88}},"32":{"start":{"line":226,"column":12},"end":{"line":226,"column":70}},"33":{"start":{"line":228,"column":12},"end":{"line":228,"column":8430}},"34":{"start":{"line":236,"column":12},"end":{"line":236,"column":8692}},"35":{"start":{"line":237,"column":16},"end":{"line":237,"column":73}},"36":{"start":{"line":243,"column":12},"end":{"line":243,"column":113}},"37":{"start":{"line":265,"column":8},"end":{"line":265,"column":68}},"38":{"start":{"line":266,"column":8},"end":{"line":266,"column":54}},"39":{"start":{"line":267,"column":8},"end":{"line":267,"column":61}},"40":{"start":{"line":279,"column":8},"end":{"line":279,"column":68}},"41":{"start":{"line":280,"column":8},"end":{"line":280,"column":37}},"42":{"start":{"line":293,"column":8},"end":{"line":293,"column":68}},"43":{"start":{"line":295,"column":8},"end":{"line":295,"column":58}},"44":{"start":{"line":296,"column":8},"end":{"line":296,"column":46}},"45":{"start":{"line":298,"column":8},"end":{"line":298,"column":10646}},"46":{"start":{"line":302,"column":8},"end":{"line":302,"column":56}},"47":{"start":{"line":305,"column":8},"end":{"line":305,"column":10846}},"48":{"start":{"line":309,"column":8},"end":{"line":309,"column":21}},"49":{"start":{"line":320,"column":8},"end":{"line":320,"column":68}},"50":{"start":{"line":321,"column":8},"end":{"line":321,"column":37}},"51":{"start":{"line":328,"column":8},"end":{"line":328,"column":29}},"52":{"start":{"line":335,"column":8},"end":{"line":335,"column":36}},"53":{"start":{"line":343,"column":8},"end":{"line":343,"column":68}},"54":{"start":{"line":345,"column":8},"end":{"line":345,"column":54}},"55":{"start":{"line":346,"column":8},"end":{"line":346,"column":58}},"56":{"start":{"line":348,"column":8},"end":{"line":348,"column":44}},"57":{"start":{"line":348,"column":33},"end":{"line":348,"column":44}},"58":{"start":{"line":351,"column":8},"end":{"line":351,"column":82}},"59":{"start":{"line":352,"column":8},"end":{"line":352,"column":66}},"60":{"start":{"line":373,"column":8},"end":{"line":373,"column":68}},"61":{"start":{"line":375,"column":8},"end":{"line":375,"column":54}},"62":{"start":{"line":376,"column":8},"end":{"line":376,"column":48}},"63":{"start":{"line":378,"column":8},"end":{"line":378,"column":13112}},"64":{"start":{"line":391,"column":8},"end":{"line":391,"column":68}},"65":{"start":{"line":392,"column":8},"end":{"line":392,"column":46}},"66":{"start":{"line":399,"column":8},"end":{"line":399,"column":68}},"67":{"start":{"line":400,"column":8},"end":{"line":400,"column":49}},"68":{"start":{"line":407,"column":8},"end":{"line":407,"column":16}},"69":{"start":{"line":416,"column":8},"end":{"line":416,"column":60}},"70":{"start":{"line":416,"column":48},"end":{"line":416,"column":60}},"71":{"start":{"line":418,"column":8},"end":{"line":418,"column":35}},"72":{"start":{"line":419,"column":8},"end":{"line":419,"column":42}},"73":{"start":{"line":420,"column":8},"end":{"line":420,"column":32}},"74":{"start":{"line":422,"column":8},"end":{"line":422,"column":49}},"75":{"start":{"line":422,"column":37},"end":{"line":422,"column":49}},"76":{"start":{"line":423,"column":8},"end":{"line":423,"column":45}},"77":{"start":{"line":423,"column":33},"end":{"line":423,"column":45}},"78":{"start":{"line":424,"column":8},"end":{"line":424,"column":52}},"79":{"start":{"line":424,"column":40},"end":{"line":424,"column":52}},"80":{"start":{"line":426,"column":8},"end":{"line":426,"column":19}}},"branchMap":{"1":{"line":104,"type":"if","locations":[{"start":{"line":104,"column":15},"end":{"line":104,"column":15}},{"start":{"line":104,"column":15},"end":{"line":104,"column":15}}]},"2":{"line":115,"type":"if","locations":[{"start":{"line":115,"column":8},"end":{"line":115,"column":8}},{"start":{"line":115,"column":8},"end":{"line":115,"column":8}}]},"3":{"line":116,"type":"if","locations":[{"start":{"line":116,"column":8},"end":{"line":116,"column":8}},{"start":{"line":116,"column":8},"end":{"line":116,"column":8}}]},"4":{"line":136,"type":"if","locations":[{"start":{"line":136,"column":63},"end":{"line":136,"column":63}},{"start":{"line":136,"column":63},"end":{"line":136,"column":63}}]},"5":{"line":137,"type":"if","locations":[{"start":{"line":137,"column":8},"end":{"line":137,"column":8}},{"start":{"line":137,"column":8},"end":{"line":137,"column":8}}]},"6":{"line":145,"type":"if","locations":[{"start":{"line":145,"column":63},"end":{"line":145,"column":63}},{"start":{"line":145,"column":63},"end":{"line":145,"column":63}}]},"7":{"line":146,"type":"if","locations":[{"start":{"line":146,"column":8},"end":{"line":146,"column":8}},{"start":{"line":146,"column":8},"end":{"line":146,"column":8}}]},"8":{"line":154,"type":"if","locations":[{"start":{"line":154,"column":30},"end":{"line":154,"column":30}},{"start":{"line":154,"column":30},"end":{"line":154,"column":30}}]},"9":{"line":161,"type":"if","locations":[{"start":{"line":161,"column":32},"end":{"line":161,"column":32}},{"start":{"line":161,"column":32},"end":{"line":161,"column":32}}]},"10":{"line":179,"type":"if","locations":[{"start":{"line":179,"column":15},"end":{"line":179,"column":15}},{"start":{"line":179,"column":15},"end":{"line":179,"column":15}}]},"11":{"line":179,"type":"if","locations":[{"start":{"line":179,"column":38},"end":{"line":179,"column":38}},{"start":{"line":179,"column":38},"end":{"line":179,"column":38}}]},"12":{"line":180,"type":"if","locations":[{"start":{"line":180,"column":8},"end":{"line":180,"column":8}},{"start":{"line":180,"column":8},"end":{"line":180,"column":8}}]},"13":{"line":181,"type":"if","locations":[{"start":{"line":181,"column":8},"end":{"line":181,"column":8}},{"start":{"line":181,"column":8},"end":{"line":181,"column":8}}]},"14":{"line":182,"type":"if","locations":[{"start":{"line":182,"column":8},"end":{"line":182,"column":8}},{"start":{"line":182,"column":8},"end":{"line":182,"column":8}}]},"15":{"line":193,"type":"if","locations":[{"start":{"line":193,"column":8},"end":{"line":193,"column":8}},{"start":{"line":193,"column":8},"end":{"line":193,"column":8}}]},"16":{"line":215,"type":"if","locations":[{"start":{"line":215,"column":15},"end":{"line":215,"column":15}},{"start":{"line":215,"column":15},"end":{"line":215,"column":15}}]},"17":{"line":215,"type":"if","locations":[{"start":{"line":215,"column":38},"end":{"line":215,"column":38}},{"start":{"line":215,"column":38},"end":{"line":215,"column":38}}]},"18":{"line":216,"type":"if","locations":[{"start":{"line":216,"column":8},"end":{"line":216,"column":8}},{"start":{"line":216,"column":8},"end":{"line":216,"column":8}}]},"19":{"line":224,"type":"if","locations":[{"start":{"line":224,"column":12},"end":{"line":224,"column":12}},{"start":{"line":224,"column":12},"end":{"line":224,"column":12}}]},"20":{"line":225,"type":"if","locations":[{"start":{"line":225,"column":12},"end":{"line":225,"column":12}},{"start":{"line":225,"column":12},"end":{"line":225,"column":12}}]},"21":{"line":226,"type":"if","locations":[{"start":{"line":226,"column":12},"end":{"line":226,"column":12}},{"start":{"line":226,"column":12},"end":{"line":226,"column":12}}]},"22":{"line":236,"type":"if","locations":[{"start":{"line":236,"column":12},"end":{"line":236,"column":12}},{"start":{"line":236,"column":12},"end":{"line":236,"column":12}}]},"23":{"line":265,"type":"if","locations":[{"start":{"line":265,"column":8},"end":{"line":265,"column":8}},{"start":{"line":265,"column":8},"end":{"line":265,"column":8}}]},"24":{"line":279,"type":"if","locations":[{"start":{"line":279,"column":8},"end":{"line":279,"column":8}},{"start":{"line":279,"column":8},"end":{"line":279,"column":8}}]},"25":{"line":293,"type":"if","locations":[{"start":{"line":293,"column":8},"end":{"line":293,"column":8}},{"start":{"line":293,"column":8},"end":{"line":293,"column":8}}]},"26":{"line":298,"type":"if","locations":[{"start":{"line":298,"column":8},"end":{"line":298,"column":8}},{"start":{"line":298,"column":8},"end":{"line":298,"column":8}}]},"27":{"line":298,"type":"cond-expr","locations":[{"start":{"line":298,"column":12},"end":{"line":298,"column":21}},{"start":{"line":298,"column":26},"end":{"line":298,"column":46}}]},"28":{"line":320,"type":"if","locations":[{"start":{"line":320,"column":8},"end":{"line":320,"column":8}},{"start":{"line":320,"column":8},"end":{"line":320,"column":8}}]},"29":{"line":343,"type":"if","locations":[{"start":{"line":343,"column":8},"end":{"line":343,"column":8}},{"start":{"line":343,"column":8},"end":{"line":343,"column":8}}]},"30":{"line":348,"type":"if","locations":[{"start":{"line":348,"column":8},"end":{"line":348,"column":8}},{"start":{"line":348,"column":8},"end":{"line":348,"column":8}}]},"31":{"line":373,"type":"if","locations":[{"start":{"line":373,"column":8},"end":{"line":373,"column":8}},{"start":{"line":373,"column":8},"end":{"line":373,"column":8}}]},"32":{"line":391,"type":"if","locations":[{"start":{"line":391,"column":8},"end":{"line":391,"column":8}},{"start":{"line":391,"column":8},"end":{"line":391,"column":8}}]},"33":{"line":399,"type":"if","locations":[{"start":{"line":399,"column":8},"end":{"line":399,"column":8}},{"start":{"line":399,"column":8},"end":{"line":399,"column":8}}]},"34":{"line":416,"type":"if","locations":[{"start":{"line":416,"column":8},"end":{"line":416,"column":8}},{"start":{"line":416,"column":8},"end":{"line":416,"column":8}}]},"35":{"line":416,"type":"cond-expr","locations":[{"start":{"line":416,"column":12},"end":{"line":416,"column":26}},{"start":{"line":416,"column":31},"end":{"line":416,"column":45}}]},"36":{"line":422,"type":"if","locations":[{"start":{"line":422,"column":8},"end":{"line":422,"column":8}},{"start":{"line":422,"column":8},"end":{"line":422,"column":8}}]},"37":{"line":422,"type":"cond-expr","locations":[{"start":{"line":422,"column":12},"end":{"line":422,"column":20}},{"start":{"line":422,"column":25},"end":{"line":422,"column":34}}]},"38":{"line":423,"type":"if","locations":[{"start":{"line":423,"column":8},"end":{"line":423,"column":8}},{"start":{"line":423,"column":8},"end":{"line":423,"column":8}}]},"39":{"line":423,"type":"cond-expr","locations":[{"start":{"line":423,"column":12},"end":{"line":423,"column":18}},{"start":{"line":423,"column":23},"end":{"line":423,"column":30}}]},"40":{"line":424,"type":"if","locations":[{"start":{"line":424,"column":8},"end":{"line":424,"column":8}},{"start":{"line":424,"column":8},"end":{"line":424,"column":8}}]},"41":{"line":424,"type":"cond-expr","locations":[{"start":{"line":424,"column":12},"end":{"line":424,"column":22}},{"start":{"line":424,"column":27},"end":{"line":424,"column":37}}]}}},
"contracts/DebentureFactory.sol":{"l":{},"path":"/Users/pedrotodescan/Documents/Exploring/delos/contracts/contracts/DebentureFactory.sol","s":{},"b":{},"f":{},"fnMap":{},"statementMap":{},"branchMap":{}},
"contracts/RestrictedToken.sol":{"l":{},"path":"/Users/pedrotodescan/Documents/Exploring/delos/contracts/contracts/RestrictedToken.sol","s":{},"b":{},"f":{},"fnMap":{},"statementMap":{},"branchMap":{}}}
