TN:
SF:/Users/pedrotodescan/Documents/Exploring/delos/contracts/contracts/BrazilianDebenture.sol
FNF:0
FNH:0
LF:0
LH:0
BRF:0
BRH:0
end_of_record
TN:
SF:/Users/pedrotodescan/Documents/Exploring/delos/contracts/contracts/BrazilianMacroOracle.sol
FN:74,constructor
FN:104,addRate
FN:108,_addRate
FN:136,deactivateRate
FN:145,reactivateRate
FN:154,pause
FN:161,unpause
FN:179,updateRate
FN:215,batchUpdateRates
FN:256,getRate
FN:274,getRateFull
FN:288,getRateHistory
FN:315,getRateMetadata
FN:327,getSupportedRates
FN:334,getSupportedRatesCount
FN:342,isRateStale
FN:362,latestRoundData
FN:390,decimals
FN:398,description
FN:406,version
FN:415,_isValidDate
FNF:21
FNH:21
FNDA:32,constructor
FNDA:2,addRate
FNDA:194,_addRate
FNDA:3,deactivateRate
FNDA:1,reactivateRate
FNDA:3,pause
FNDA:1,unpause
FNDA:23,updateRate
FNDA:1,batchUpdateRates
FNDA:5,getRate
FNDA:1,getRateFull
FNDA:3,getRateHistory
FNDA:4,getRateMetadata
FNDA:2,getSupportedRates
FNDA:1,getSupportedRatesCount
FNDA:2,isRateStale
FNDA:1,latestRoundData
FNDA:1,decimals
FNDA:1,description
FNDA:1,version
FNDA:24,_isValidDate
DA:75,32
DA:76,32
DA:77,32
DA:80,32
DA:81,32
DA:82,32
DA:83,32
DA:84,32
DA:85,32
DA:105,2
DA:115,194
DA:116,194
DA:118,193
DA:126,193
DA:127,193
DA:128,193
DA:130,193
DA:137,3
DA:138,3
DA:139,3
DA:146,1
DA:147,1
DA:148,1
DA:155,3
DA:162,1
DA:180,23
DA:181,22
DA:182,21
DA:184,18
DA:193,18
DA:194,8
DA:197,18
DA:198,18
DA:200,18
DA:216,1
DA:223,1
DA:224,3
DA:225,3
DA:226,3
DA:228,3
DA:236,3
DA:237,0
DA:240,3
DA:241,3
DA:243,3
DA:265,5
DA:266,4
DA:267,4
DA:279,1
DA:280,1
DA:293,3
DA:295,3
DA:296,3
DA:298,3
DA:299,2
DA:302,3
DA:305,3
DA:306,3
DA:309,3
DA:320,4
DA:321,4
DA:328,2
DA:335,1
DA:343,2
DA:345,2
DA:346,2
DA:348,2
DA:351,1
DA:352,1
DA:373,1
DA:375,1
DA:376,1
DA:378,1
DA:391,1
DA:392,1
DA:399,1
DA:400,1
DA:407,1
DA:416,24
DA:418,23
DA:419,23
DA:420,23
DA:422,23
DA:423,22
DA:424,21
DA:426,21
LF:86
LH:85
BRDA:104,1,0,2
BRDA:104,1,1,0
BRDA:115,2,0,0
BRDA:115,2,1,194
BRDA:116,3,0,1
BRDA:116,3,1,193
BRDA:136,4,0,3
BRDA:136,4,1,0
BRDA:137,5,0,0
BRDA:137,5,1,3
BRDA:145,6,0,1
BRDA:145,6,1,0
BRDA:146,7,0,0
BRDA:146,7,1,1
BRDA:154,8,0,3
BRDA:154,8,1,1
BRDA:161,9,0,1
BRDA:161,9,1,0
BRDA:179,10,0,24
BRDA:179,10,1,1
BRDA:179,11,0,23
BRDA:179,11,1,1
BRDA:180,12,0,1
BRDA:180,12,1,22
BRDA:181,13,0,1
BRDA:181,13,1,21
BRDA:182,14,0,3
BRDA:182,14,1,18
BRDA:193,15,0,8
BRDA:193,15,1,10
BRDA:215,16,0,1
BRDA:215,16,1,0
BRDA:215,17,0,1
BRDA:215,17,1,0
BRDA:216,18,0,1
BRDA:216,18,1,0
BRDA:224,19,0,0
BRDA:224,19,1,3
BRDA:225,20,0,0
BRDA:225,20,1,3
BRDA:226,21,0,0
BRDA:226,21,1,3
BRDA:236,22,0,0
BRDA:236,22,1,3
BRDA:265,23,0,1
BRDA:265,23,1,4
BRDA:279,24,0,0
BRDA:279,24,1,1
BRDA:293,25,0,0
BRDA:293,25,1,3
BRDA:298,26,0,2
BRDA:298,26,1,1
BRDA:298,27,0,2
BRDA:298,27,1,0
BRDA:320,28,0,0
BRDA:320,28,1,4
BRDA:343,29,0,0
BRDA:343,29,1,2
BRDA:348,30,0,1
BRDA:348,30,1,1
BRDA:373,31,0,0
BRDA:373,31,1,1
BRDA:391,32,0,0
BRDA:391,32,1,1
BRDA:399,33,0,0
BRDA:399,33,1,1
BRDA:416,34,0,1
BRDA:416,34,1,23
BRDA:416,35,0,1
BRDA:416,35,1,0
BRDA:422,36,0,1
BRDA:422,36,1,22
BRDA:422,37,0,0
BRDA:422,37,1,1
BRDA:423,38,0,1
BRDA:423,38,1,21
BRDA:423,39,0,0
BRDA:423,39,1,1
BRDA:424,40,0,0
BRDA:424,40,1,21
BRDA:424,41,0,0
BRDA:424,41,1,0
BRF:82
BRH:54
end_of_record
TN:
SF:/Users/pedrotodescan/Documents/Exploring/delos/contracts/contracts/DebentureFactory.sol
FNF:0
FNH:0
LF:0
LH:0
BRF:0
BRH:0
end_of_record
TN:
SF:/Users/pedrotodescan/Documents/Exploring/delos/contracts/contracts/RestrictedToken.sol
FNF:0
FNH:0
LF:0
LH:0
BRF:0
BRH:0
end_of_record
